<?xml version="1.0" encoding="UTF-8"?>
<testsuite name="com.kodilla.stream.forum.invoice.simple.SimpleInvoiceTestSuite" tests="1" skipped="0" failures="0" errors="0" timestamp="2018-08-14T15:21:51" hostname="Marysia" time="0.008">
  <properties/>
  <testcase name="testGetValueToPay" classname="com.kodilla.stream.forum.invoice.simple.SimpleInvoiceTestSuite" time="0.008"/>
  <system-out><![CDATA[]]></system-out>
  <system-err><![CDATA[]]></system-err>
</testsuite>
