<?xml version="1.0" encoding="UTF-8"?>
<testsuite name="com.kodilla.stream.array.ArrayOperationsTestSuite" tests="1" skipped="0" failures="0" errors="0" timestamp="2018-08-14T15:21:51" hostname="Marysia" time="0.025">
  <properties/>
  <testcase name="testGetAverage" classname="com.kodilla.stream.array.ArrayOperationsTestSuite" time="0.025"/>
  <system-out><![CDATA[1
2
3
4
2.5
]]></system-out>
  <system-err><![CDATA[]]></system-err>
</testsuite>
