<?xml version="1.0" encoding="UTF-8"?>
<testsuite name="com.kodilla.testing.forum.statistics.ForumStatisticsTestSuite" tests="7" skipped="0" failures="0" errors="0" timestamp="2018-08-14T15:21:54" hostname="Marysia" time="0.629">
  <properties/>
  <testcase name="testCalculateAdvStatisticsNoPosts" classname="com.kodilla.testing.forum.statistics.ForumStatisticsTestSuite" time="0.612"/>
  <testcase name="testCalculateAdvStatisticsNoUsers" classname="com.kodilla.testing.forum.statistics.ForumStatisticsTestSuite" time="0.002"/>
  <testcase name="testCalculateAdvStatisticsCommentsLessThenPosts" classname="com.kodilla.testing.forum.statistics.ForumStatisticsTestSuite" time="0.001"/>
  <testcase name="testCalculateAdvStatisticsCommentsMoreThenPosts" classname="com.kodilla.testing.forum.statistics.ForumStatisticsTestSuite" time="0.001"/>
  <testcase name="testCalculateAdvStatisticsNoComments" classname="com.kodilla.testing.forum.statistics.ForumStatisticsTestSuite" time="0.002"/>
  <testcase name="testCalculateAdvStatistics100Users" classname="com.kodilla.testing.forum.statistics.ForumStatisticsTestSuite" time="0.002"/>
  <testcase name="testCalculateAdvStatistics1000Posts" classname="com.kodilla.testing.forum.statistics.ForumStatisticsTestSuite" time="0.006"/>
  <system-out><![CDATA[users number: 80
posts number: 0
comments number: 50
 average comments per user 0.625
 average comments per post 0.0
 average posts per user 0.0
users number: 0
posts number: 25
comments number: 50
 average comments per user 0.0
 average comments per post 2.0
 average posts per user 0.0
users number: 80
posts number: 100
comments number: 10
 average comments per user 0.125
 average comments per post 0.1
 average posts per user 1.25
users number: 80
posts number: 100
comments number: 150
 average comments per user 1.875
 average comments per post 1.5
 average posts per user 1.25
users number: 80
posts number: 25
comments number: 0
 average comments per user 0.0
 average comments per post 0.0
 average posts per user 0.3125
users number: 100
posts number: 25
comments number: 50
 average comments per user 0.5
 average comments per post 2.0
 average posts per user 0.25
users number: 80
posts number: 1000
comments number: 50
 average comments per user 0.625
 average comments per post 0.05
 average posts per user 12.5
]]></system-out>
  <system-err><![CDATA[]]></system-err>
</testsuite>
