<?xml version="1.0" encoding="UTF-8"?>
<testsuite name="com.kodilla.patterns.factory.tasks.TaskFactoryTestSuite" tests="3" skipped="0" failures="0" errors="0" timestamp="2018-08-14T15:19:43" hostname="Marysia" time="0.014">
  <properties/>
  <testcase name="testFactoryDrivingTask" classname="com.kodilla.patterns.factory.tasks.TaskFactoryTestSuite" time="0.009"/>
  <testcase name="testFactoryPaintingTask" classname="com.kodilla.patterns.factory.tasks.TaskFactoryTestSuite" time="0.002"/>
  <testcase name="testFactoryShoppingTask" classname="com.kodilla.patterns.factory.tasks.TaskFactoryTestSuite" time="0.002"/>
  <system-out><![CDATA[Executing driving task: Weekend trip to San Antonio using car
Executing painting task: Family room' painting
Executing shopping task: kids back-to-school clothes
]]></system-out>
  <system-err><![CDATA[]]></system-err>
</testsuite>
